********************************************************************************
DUPLICATOR-LITE PACKAGE-LOG: November 1, 2018 9:15 pm
NOTICE: Do NOT post to public sites or forums 
********************************************************************************
VERSION:	1.2.38
WORDPRESS:	4.9.8
PHP INFO:	5.6.27 | SAPI: cgi-fcgi
SERVER:		Apache 
PHP TIME LIMIT: (0) no time limit imposed 
PHP MAX MEMORY: 2048M (256M default) 
MEMORY STACK: 88.25MB 

********************************************************************************
DATABASE:
********************************************************************************
BUILD MODE:   MYSQLDUMP
MYSQLTIMEOUT: 5000
MYSQLDUMP:    Is Supported 
FILTERED: [] 
RESPONSE: mysqldump: [Warning] Using a password on the command line interface can be insecure.
 
TABLES: total:44 | filtered:0 | create:44 
SQL CREATED: 20180529_earthinnovationinstitute_b0ff10c39577e8215042181101211441_database.sql 
SQL FILE SIZE: 22.27MB (23346793) 
SQL FILE TIME: 2018-11-01 21:15:32 
SQL RUNTIME: 1.41 sec. 

******************************************************************************** 
ARCHIVE (ZIP): 
******************************************************************************** 
ARCHIVE DIR:  /home/earthin7/public_html 
ARCHIVE FILE: 20180529_earthinnovationinstitute_b0ff10c39577e8215042181101211441_archive.zip 
FILTERS: *OFF* 
DIRS:
	not set 
FILES:
	not set 
EXTS:  not set 
---------------------------------------- 
COMPRESSING 
SIZE:	0B 
STATS:	Dirs 0 | Files 0 
SQL ADDED: 20180529_earthinnovationinstitute_b0ff10c39577e8215042181101211441_database.sql 
ZipArchive Object
(
    [status] => 0
    [statusSys] => 0
    [numFiles] => 1
    [filename] => /home/earthin7/public_html/wp-snapshots/tmp/20180529_earthinnovationinstitute_b0ff10c39577e8215042181101211441_archive.zip
    [comment] => 
)
 
COMPRESSION RESULT: '1' 
COMPRESSED SIZE: 3.89MB 
ARCHIVE RUNTIME: 2.20 sec. 
MEMORY STACK: 88.25MB 

******************************************************************************** 
MAKE INSTALLER: 
******************************************************************************** 
Build Start 
Build Finished 
Preping for use 
PACK SIZE:  
Template parsed with new data 
Complete [/home/earthin7/public_html/wp-snapshots/tmp/20180529_earthinnovationinstitute_b0ff10c39577e8215042181101211441_installer.php] 
Added to archive 

******************************************************************************** 
INTEGRITY CHECKS: 
******************************************************************************** 
SQL File: 22.27MB 
Installer File: 445.92KB 
Archive File: 3.89MB  

********************************************************************************
RECORD ID:[6]
TOTAL PROCESS RUNTIME: 3.91 sec.
PEAK PHP MEMORY USED: 91.5MB
DONE PROCESSING => 20180529_earthinnovationinstitute November 1, 2018 9:15 pm
 
