********************************************************************************
DUPLICATOR-LITE PACKAGE-LOG: May 29, 2018 4:49 am
NOTICE: Do NOT post to public sites or forums 
********************************************************************************
VERSION:	1.2.38
WORDPRESS:	4.9.6
PHP INFO:	5.6.27 | SAPI: cgi-fcgi
SERVER:		Apache 
PHP TIME LIMIT: (0) no time limit imposed 
PHP MAX MEMORY: 2048M (256M default) 
MEMORY STACK: 80.5MB 

********************************************************************************
DATABASE:
********************************************************************************
BUILD MODE:   MYSQLDUMP
MYSQLTIMEOUT: 5000
MYSQLDUMP:    Is Supported 
FILTERED: [] 
RESPONSE: Ran from /usr/bin/mysqldump 
TABLES: total:44 | filtered:0 | create:44 
SQL CREATED: 20180529_earthinnovationinstitute_811aad5bced05ca97538180529044657_database.sql 
SQL FILE SIZE: 15.53MB (16285229) 
SQL FILE TIME: 2018-05-29 04:49:30 
SQL RUNTIME: 1.45 sec. 

******************************************************************************** 
ARCHIVE (ZIP): 
******************************************************************************** 
ARCHIVE DIR:  /home/earthin7/public_html 
ARCHIVE FILE: 20180529_earthinnovationinstitute_811aad5bced05ca97538180529044657_archive.zip 
FILTERS: *OFF* 
DIRS:
	not set 
FILES:
	not set 
EXTS:  not set 
---------------------------------------- 
COMPRESSING 
SIZE:	0B 
STATS:	Dirs 0 | Files 0 
SQL ADDED: 20180529_earthinnovationinstitute_811aad5bced05ca97538180529044657_database.sql 
ZipArchive Object
(
    [status] => 0
    [statusSys] => 0
    [numFiles] => 1
    [filename] => /home/earthin7/public_html/wp-snapshots/tmp/20180529_earthinnovationinstitute_811aad5bced05ca97538180529044657_archive.zip
    [comment] => 
)
 
COMPRESSION RESULT: '1' 
COMPRESSED SIZE: 3.12MB 
ARCHIVE RUNTIME: 1.84 sec. 
MEMORY STACK: 80.5MB 

******************************************************************************** 
MAKE INSTALLER: 
******************************************************************************** 
Build Start 
Build Finished 
Preping for use 
PACK SIZE:  
Template parsed with new data 
Complete [/home/earthin7/public_html/wp-snapshots/tmp/20180529_earthinnovationinstitute_811aad5bced05ca97538180529044657_installer.php] 
Added to archive 

******************************************************************************** 
INTEGRITY CHECKS: 
******************************************************************************** 
SQL File: 15.53MB 
Installer File: 445.92KB 
Archive File: 3.12MB  

********************************************************************************
RECORD ID:[1]
TOTAL PROCESS RUNTIME: 3.40 sec.
PEAK PHP MEMORY USED: 83MB
DONE PROCESSING => 20180529_earthinnovationinstitute May 29, 2018 4:49 am
 
