********************************************************************************
DUPLICATOR-LITE PACKAGE-LOG: July 10, 2018 10:04 pm
NOTICE: Do NOT post to public sites or forums 
********************************************************************************
VERSION:	1.2.38
WORDPRESS:	4.9.7
PHP INFO:	5.6.27 | SAPI: cgi-fcgi
SERVER:		Apache 
PHP TIME LIMIT: (0) no time limit imposed 
PHP MAX MEMORY: 2048M (256M default) 
MEMORY STACK: 80.75MB 

********************************************************************************
DATABASE:
********************************************************************************
BUILD MODE:   MYSQLDUMP
MYSQLTIMEOUT: 5000
MYSQLDUMP:    Is Supported 
FILTERED: [] 
RESPONSE: Ran from /usr/bin/mysqldump 
TABLES: total:44 | filtered:0 | create:44 
SQL CREATED: 20180529_earthinnovationinstitute_7ef4b3d9a31178ad3408180710220024_database.sql 
SQL FILE SIZE: 16.68MB (17489245) 
SQL FILE TIME: 2018-07-10 22:04:02 
SQL RUNTIME: 1.46 sec. 

******************************************************************************** 
ARCHIVE (ZIP): 
******************************************************************************** 
ARCHIVE DIR:  /home/earthin7/public_html 
ARCHIVE FILE: 20180529_earthinnovationinstitute_7ef4b3d9a31178ad3408180710220024_archive.zip 
FILTERS: *OFF* 
DIRS:
	not set 
FILES:
	not set 
EXTS:  not set 
---------------------------------------- 
COMPRESSING 
SIZE:	0B 
STATS:	Dirs 0 | Files 0 
SQL ADDED: 20180529_earthinnovationinstitute_7ef4b3d9a31178ad3408180710220024_database.sql 
ZipArchive Object
(
    [status] => 0
    [statusSys] => 0
    [numFiles] => 1
    [filename] => /home/earthin7/public_html/wp-snapshots/tmp/20180529_earthinnovationinstitute_7ef4b3d9a31178ad3408180710220024_archive.zip
    [comment] => 
)
 
COMPRESSION RESULT: '1' 
COMPRESSED SIZE: 3.34MB 
ARCHIVE RUNTIME: 1.95 sec. 
MEMORY STACK: 80.75MB 

******************************************************************************** 
MAKE INSTALLER: 
******************************************************************************** 
Build Start 
Build Finished 
Preping for use 
PACK SIZE:  
Template parsed with new data 
Complete [/home/earthin7/public_html/wp-snapshots/tmp/20180529_earthinnovationinstitute_7ef4b3d9a31178ad3408180710220024_installer.php] 
Added to archive 

******************************************************************************** 
INTEGRITY CHECKS: 
******************************************************************************** 
SQL File: 16.68MB 
Installer File: 445.92KB 
Archive File: 3.34MB  

********************************************************************************
RECORD ID:[3]
TOTAL PROCESS RUNTIME: 3.71 sec.
PEAK PHP MEMORY USED: 83.75MB
DONE PROCESSING => 20180529_earthinnovationinstitute July 10, 2018 10:04 pm
 
